Compiling the CXX compiler identification source file "CMakeCXXCompilerId.cpp" failed.
Compiler: /Applications/Xcode.app/Contents/Developer/Toolchains/XcodeDefault.xctoolchain/usr/bin/c++ 
Build flags: 
Id flags:  

The output was:
1
ld: library not found for -lc++
clang: error: linker command failed with exit code 1 (use -v to see invocation)


Compiling the C compiler identification source file "CMakeCCompilerId.c" failed.
Compiler: /Applications/Xcode.app/Contents/Developer/Toolchains/XcodeDefault.xctoolchain/usr/bin/cc 
Build flags: 
Id flags:  

The output was:
1
ld: library not found for -lSystem
clang: error: linker command failed with exit code 1 (use -v to see invocation)


Compiling the OBJC compiler identification source file "CMakeOBJCCompilerId.m" failed.
Compiler: /Applications/Xcode.app/Contents/Developer/Toolchains/XcodeDefault.xctoolchain/usr/bin/cc 
Build flags: 
Id flags:  

The output was:
1
ld: library not found for -lSystem
clang: error: linker command failed with exit code 1 (use -v to see invocation)


Determining if the __GLIBC__ exist failed with the following output:
Change Dir: /Users/nolen/Desktop/coffeeGame/build/CMakeFiles/CMakeTmp

Run Build Command(s):/usr/bin/make -f Makefile cmTC_26974/fast && /Applications/Xcode.app/Contents/Developer/usr/bin/make  -f CMakeFiles/cmTC_26974.dir/build.make CMakeFiles/cmTC_26974.dir/build
Building C object CMakeFiles/cmTC_26974.dir/CheckSymbolExists.c.o
/Applications/Xcode.app/Contents/Developer/Toolchains/XcodeDefault.xctoolchain/usr/bin/cc   -isysroot /Applications/Xcode.app/Contents/Developer/Platforms/MacOSX.platform/Developer/SDKs/MacOSX12.3.sdk -MD -MT CMakeFiles/cmTC_26974.dir/CheckSymbolExists.c.o -MF CMakeFiles/cmTC_26974.dir/CheckSymbolExists.c.o.d -o CMakeFiles/cmTC_26974.dir/CheckSymbolExists.c.o -c /Users/nolen/Desktop/coffeeGame/build/CMakeFiles/CMakeTmp/CheckSymbolExists.c
/Users/nolen/Desktop/coffeeGame/build/CMakeFiles/CMakeTmp/CheckSymbolExists.c:8:19: error: use of undeclared identifier '__GLIBC__'
  return ((int*)(&__GLIBC__))[argc];
                  ^
1 error generated.
make[1]: *** [CMakeFiles/cmTC_26974.dir/CheckSymbolExists.c.o] Error 1
make: *** [cmTC_26974/fast] Error 2


File /Users/nolen/Desktop/coffeeGame/build/CMakeFiles/CMakeTmp/CheckSymbolExists.c:
/* */
#include <stdlib.h>

int main(int argc, char** argv)
{
  (void)argv;
#ifndef __GLIBC__
  return ((int*)(&__GLIBC__))[argc];
#else
  (void)argc;
  return 0;
#endif
}
Performing C SOURCE FILE Test HAVE_GCC_PREFERRED_STACK_BOUNDARY failed with the following output:
Change Dir: /Users/nolen/Desktop/coffeeGame/build/CMakeFiles/CMakeTmp

Run Build Command(s):/usr/bin/make -f Makefile cmTC_5be52/fast && /Applications/Xcode.app/Contents/Developer/usr/bin/make  -f CMakeFiles/cmTC_5be52.dir/build.make CMakeFiles/cmTC_5be52.dir/build
Building C object CMakeFiles/cmTC_5be52.dir/src.c.o
/Applications/Xcode.app/Contents/Developer/Toolchains/XcodeDefault.xctoolchain/usr/bin/cc -DHAVE_GCC_PREFERRED_STACK_BOUNDARY  -idirafter "/Users/nolen/Desktop/coffeeGame/engine/external/SDL2/src/video/khronos" -mpreferred-stack-boundary=2 -isysroot /Applications/Xcode.app/Contents/Developer/Platforms/MacOSX.platform/Developer/SDKs/MacOSX12.3.sdk -MD -MT CMakeFiles/cmTC_5be52.dir/src.c.o -MF CMakeFiles/cmTC_5be52.dir/src.c.o.d -o CMakeFiles/cmTC_5be52.dir/src.c.o -c /Users/nolen/Desktop/coffeeGame/build/CMakeFiles/CMakeTmp/src.c
clang: error: unknown argument: '-mpreferred-stack-boundary=2'
make[1]: *** [CMakeFiles/cmTC_5be52.dir/src.c.o] Error 1
make: *** [cmTC_5be52/fast] Error 2


Source file was:
int x = 0; int main(int argc, char **argv) { return 0; }
Performing C SOURCE FILE Test HAVE_ALTIVEC_H_HDR failed with the following output:
Change Dir: /Users/nolen/Desktop/coffeeGame/build/CMakeFiles/CMakeTmp

Run Build Command(s):/usr/bin/make -f Makefile cmTC_2d868/fast && /Applications/Xcode.app/Contents/Developer/usr/bin/make  -f CMakeFiles/cmTC_2d868.dir/build.make CMakeFiles/cmTC_2d868.dir/build
Building C object CMakeFiles/cmTC_2d868.dir/src.c.o
/Applications/Xcode.app/Contents/Developer/Toolchains/XcodeDefault.xctoolchain/usr/bin/cc -DHAVE_ALTIVEC_H_HDR  -idirafter "/Users/nolen/Desktop/coffeeGame/engine/external/SDL2/src/video/khronos" -maltivec -isysroot /Applications/Xcode.app/Contents/Developer/Platforms/MacOSX.platform/Developer/SDKs/MacOSX12.3.sdk -MD -MT CMakeFiles/cmTC_2d868.dir/src.c.o -MF CMakeFiles/cmTC_2d868.dir/src.c.o.d -o CMakeFiles/cmTC_2d868.dir/src.c.o -c /Users/nolen/Desktop/coffeeGame/build/CMakeFiles/CMakeTmp/src.c
clang: warning: argument unused during compilation: '-maltivec' [-Wunused-command-line-argument]
In file included from /Users/nolen/Desktop/coffeeGame/build/CMakeFiles/CMakeTmp/src.c:2:
/Applications/Xcode.app/Contents/Developer/Toolchains/XcodeDefault.xctoolchain/usr/lib/clang/14.0.0/include/altivec.h:13:2: error: "AltiVec support not enabled"
#error "AltiVec support not enabled"
 ^
/Applications/Xcode.app/Contents/Developer/Toolchains/XcodeDefault.xctoolchain/usr/lib/clang/14.0.0/include/altivec.h:46:19: error: unknown type name 'vector'
static __inline__ vector signed char __ATTRS_o_ai vec_perm(
                  ^
/Applications/Xcode.app/Contents/Developer/Toolchains/XcodeDefault.xctoolchain/usr/lib/clang/14.0.0/include/altivec.h:47:5: error: unknown type name 'vector'
    vector signed char __a, vector signed char __b, vector unsigned char __c);
    ^
/Applications/Xcode.app/Contents/Developer/Toolchains/XcodeDefault.xctoolchain/usr/lib/clang/14.0.0/include/altivec.h:47:29: error: unknown type name 'vector'
    vector signed char __a, vector signed char __b, vector unsigned char __c);
                            ^
/Applications/Xcode.app/Contents/Developer/Toolchains/XcodeDefault.xctoolchain/usr/lib/clang/14.0.0/include/altivec.h:47:53: error: unknown type name 'vector'
    vector signed char __a, vector signed char __b, vector unsigned char __c);
                                                    ^
/Applications/Xcode.app/Contents/Developer/Toolchains/XcodeDefault.xctoolchain/usr/lib/clang/14.0.0/include/altivec.h:49:19: error: unknown type name 'vector'
static __inline__ vector unsigned char __ATTRS_o_ai
                  ^
/Applications/Xcode.app/Contents/Developer/Toolchains/XcodeDefault.xctoolchain/usr/lib/clang/14.0.0/include/altivec.h:50:10: error: unknown type name 'vector'
vec_perm(vector unsigned char __a, vector unsigned char __b,
         ^
/Applications/Xcode.app/Contents/Developer/Toolchains/XcodeDefault.xctoolchain/usr/lib/clang/14.0.0/include/altivec.h:50:36: error: unknown type name 'vector'
vec_perm(vector unsigned char __a, vector unsigned char __b,
                                   ^
/Applications/Xcode.app/Contents/Developer/Toolchains/XcodeDefault.xctoolchain/usr/lib/clang/14.0.0/include/altivec.h:51:10: error: unknown type name 'vector'
         vector unsigned char __c);
         ^
/Applications/Xcode.app/Contents/Developer/Toolchains/XcodeDefault.xctoolchain/usr/lib/clang/14.0.0/include/altivec.h:53:19: error: unknown type name 'vector'
static __inline__ vector bool char __ATTRS_o_ai
                  ^
/Applications/Xcode.app/Contents/Developer/Toolchains/XcodeDefault.xctoolchain/usr/lib/clang/14.0.0/include/altivec.h:53:8: error: 'inline' can only appear on functions
static __inline__ vector bool char __ATTRS_o_ai
       ^
/Applications/Xcode.app/Contents/Developer/Toolchains/XcodeDefault.xctoolchain/usr/lib/clang/14.0.0/include/altivec.h:53:30: error: expected ';' after top level declarator
static __inline__ vector bool char __ATTRS_o_ai
                             ^
/Applications/Xcode.app/Contents/Developer/Toolchains/XcodeDefault.xctoolchain/usr/lib/clang/14.0.0/include/altivec.h:54:10: error: unknown type name 'vector'
vec_perm(vector bool char __a, vector bool char __b, vector unsigned char __c);
         ^
/Applications/Xcode.app/Contents/Developer/Toolchains/XcodeDefault.xctoolchain/usr/lib/clang/14.0.0/include/altivec.h:54:22: error: expected ')'
vec_perm(vector bool char __a, vector bool char __b, vector unsigned char __c);
                     ^
/Applications/Xcode.app/Contents/Developer/Toolchains/XcodeDefault.xctoolchain/usr/lib/clang/14.0.0/include/altivec.h:54:9: note: to match this '('
vec_perm(vector bool char __a, vector bool char __b, vector unsigned char __c);
        ^
/Applications/Xcode.app/Contents/Developer/Toolchains/XcodeDefault.xctoolchain/usr/lib/clang/14.0.0/include/altivec.h:56:19: error: unknown type name 'vector'
static __inline__ vector short __ATTRS_o_ai vec_perm(vector signed short __a,
                  ^
/Applications/Xcode.app/Contents/Developer/Toolchains/XcodeDefault.xctoolchain/usr/lib/clang/14.0.0/include/altivec.h:56:54: error: unknown type name 'vector'
static __inline__ vector short __ATTRS_o_ai vec_perm(vector signed short __a,
                                                     ^
/Applications/Xcode.app/Contents/Developer/Toolchains/XcodeDefault.xctoolchain/usr/lib/clang/14.0.0/include/altivec.h:57:54: error: unknown type name 'vector'
                                                     vector signed short __b,
                                                     ^
/Applications/Xcode.app/Contents/Developer/Toolchains/XcodeDefault.xctoolchain/usr/lib/clang/14.0.0/include/altivec.h:58:54: error: unknown type name 'vector'
                                                     vector unsigned char __c);
                                                     ^
/Applications/Xcode.app/Contents/Developer/Toolchains/XcodeDefault.xctoolchain/usr/lib/clang/14.0.0/include/altivec.h:60:19: error: unknown type name 'vector'
static __inline__ vector unsigned short __ATTRS_o_ai
                  ^
fatal error: too many errors emitted, stopping now [-ferror-limit=]
20 errors generated.
make[1]: *** [CMakeFiles/cmTC_2d868.dir/src.c.o] Error 1
make: *** [cmTC_2d868/fast] Error 2


Source file was:

          #include <altivec.h>
          vector unsigned int vzero() {
              return vec_splat_u32(0);
          }
          int main(int argc, char **argv) { return 0; }
Performing C SOURCE FILE Test HAVE_ALTIVEC failed with the following output:
Change Dir: /Users/nolen/Desktop/coffeeGame/build/CMakeFiles/CMakeTmp

Run Build Command(s):/usr/bin/make -f Makefile cmTC_e6cfa/fast && /Applications/Xcode.app/Contents/Developer/usr/bin/make  -f CMakeFiles/cmTC_e6cfa.dir/build.make CMakeFiles/cmTC_e6cfa.dir/build
Building C object CMakeFiles/cmTC_e6cfa.dir/src.c.o
/Applications/Xcode.app/Contents/Developer/Toolchains/XcodeDefault.xctoolchain/usr/bin/cc -DHAVE_ALTIVEC  -idirafter "/Users/nolen/Desktop/coffeeGame/engine/external/SDL2/src/video/khronos" -maltivec -isysroot /Applications/Xcode.app/Contents/Developer/Platforms/MacOSX.platform/Developer/SDKs/MacOSX12.3.sdk -MD -MT CMakeFiles/cmTC_e6cfa.dir/src.c.o -MF CMakeFiles/cmTC_e6cfa.dir/src.c.o.d -o CMakeFiles/cmTC_e6cfa.dir/src.c.o -c /Users/nolen/Desktop/coffeeGame/build/CMakeFiles/CMakeTmp/src.c
clang: warning: argument unused during compilation: '-maltivec' [-Wunused-command-line-argument]
/Users/nolen/Desktop/coffeeGame/build/CMakeFiles/CMakeTmp/src.c:2:11: error: unknown type name 'vector'
          vector unsigned int vzero() {
          ^
/Users/nolen/Desktop/coffeeGame/build/CMakeFiles/CMakeTmp/src.c:3:22: error: implicit declaration of function 'vec_splat_u32' is invalid in C99 [-Werror,-Wimplicit-function-declaration]
              return vec_splat_u32(0);
                     ^
2 errors generated.
make[1]: *** [CMakeFiles/cmTC_e6cfa.dir/src.c.o] Error 1
make: *** [cmTC_e6cfa/fast] Error 2


Source file was:

          vector unsigned int vzero() {
              return vec_splat_u32(0);
          }
          int main(int argc, char **argv) { return 0; }
Determining if the include file malloc.h exists failed with the following output:
Change Dir: /Users/nolen/Desktop/coffeeGame/build/CMakeFiles/CMakeTmp

Run Build Command(s):/usr/bin/make -f Makefile cmTC_865c6/fast && /Applications/Xcode.app/Contents/Developer/usr/bin/make  -f CMakeFiles/cmTC_865c6.dir/build.make CMakeFiles/cmTC_865c6.dir/build
Building C object CMakeFiles/cmTC_865c6.dir/CheckIncludeFile.c.o
/Applications/Xcode.app/Contents/Developer/Toolchains/XcodeDefault.xctoolchain/usr/bin/cc   -idirafter "/Users/nolen/Desktop/coffeeGame/engine/external/SDL2/src/video/khronos"  -isysroot /Applications/Xcode.app/Contents/Developer/Platforms/MacOSX.platform/Developer/SDKs/MacOSX12.3.sdk -MD -MT CMakeFiles/cmTC_865c6.dir/CheckIncludeFile.c.o -MF CMakeFiles/cmTC_865c6.dir/CheckIncludeFile.c.o.d -o CMakeFiles/cmTC_865c6.dir/CheckIncludeFile.c.o -c /Users/nolen/Desktop/coffeeGame/build/CMakeFiles/CMakeTmp/CheckIncludeFile.c
/Users/nolen/Desktop/coffeeGame/build/CMakeFiles/CMakeTmp/CheckIncludeFile.c:1:10: fatal error: 'malloc.h' file not found
#include <malloc.h>
         ^~~~~~~~~~
1 error generated.
make[1]: *** [CMakeFiles/cmTC_865c6.dir/CheckIncludeFile.c.o] Error 1
make: *** [cmTC_865c6/fast] Error 2



Determining if the _strrev exist failed with the following output:
Change Dir: /Users/nolen/Desktop/coffeeGame/build/CMakeFiles/CMakeTmp

Run Build Command(s):/usr/bin/make -f Makefile cmTC_c5916/fast && /Applications/Xcode.app/Contents/Developer/usr/bin/make  -f CMakeFiles/cmTC_c5916.dir/build.make CMakeFiles/cmTC_c5916.dir/build
Building C object CMakeFiles/cmTC_c5916.dir/CheckSymbolExists.c.o
/Applications/Xcode.app/Contents/Developer/Toolchains/XcodeDefault.xctoolchain/usr/bin/cc   -idirafter "/Users/nolen/Desktop/coffeeGame/engine/external/SDL2/src/video/khronos"  -isysroot /Applications/Xcode.app/Contents/Developer/Platforms/MacOSX.platform/Developer/SDKs/MacOSX12.3.sdk -MD -MT CMakeFiles/cmTC_c5916.dir/CheckSymbolExists.c.o -MF CMakeFiles/cmTC_c5916.dir/CheckSymbolExists.c.o.d -o CMakeFiles/cmTC_c5916.dir/CheckSymbolExists.c.o -c /Users/nolen/Desktop/coffeeGame/build/CMakeFiles/CMakeTmp/CheckSymbolExists.c
/Users/nolen/Desktop/coffeeGame/build/CMakeFiles/CMakeTmp/CheckSymbolExists.c:14:19: error: use of undeclared identifier '_strrev'
  return ((int*)(&_strrev))[argc];
                  ^
1 error generated.
make[1]: *** [CMakeFiles/cmTC_c5916.dir/CheckSymbolExists.c.o] Error 1
make: *** [cmTC_c5916/fast] Error 2


File /Users/nolen/Desktop/coffeeGame/build/CMakeFiles/CMakeTmp/CheckSymbolExists.c:
/* */
#include <stddef.h>
#include <stdarg.h>
#include <stdlib.h>
#include <string.h>
#include <stdio.h>
#include <wchar.h>
#include <float.h>

int main(int argc, char** argv)
{
  (void)argv;
#ifndef _strrev
  return ((int*)(&_strrev))[argc];
#else
  (void)argc;
  return 0;
#endif
}
Determining if the _strupr exist failed with the following output:
Change Dir: /Users/nolen/Desktop/coffeeGame/build/CMakeFiles/CMakeTmp

Run Build Command(s):/usr/bin/make -f Makefile cmTC_c5bcd/fast && /Applications/Xcode.app/Contents/Developer/usr/bin/make  -f CMakeFiles/cmTC_c5bcd.dir/build.make CMakeFiles/cmTC_c5bcd.dir/build
Building C object CMakeFiles/cmTC_c5bcd.dir/CheckSymbolExists.c.o
/Applications/Xcode.app/Contents/Developer/Toolchains/XcodeDefault.xctoolchain/usr/bin/cc   -idirafter "/Users/nolen/Desktop/coffeeGame/engine/external/SDL2/src/video/khronos"  -isysroot /Applications/Xcode.app/Contents/Developer/Platforms/MacOSX.platform/Developer/SDKs/MacOSX12.3.sdk -MD -MT CMakeFiles/cmTC_c5bcd.dir/CheckSymbolExists.c.o -MF CMakeFiles/cmTC_c5bcd.dir/CheckSymbolExists.c.o.d -o CMakeFiles/cmTC_c5bcd.dir/CheckSymbolExists.c.o -c /Users/nolen/Desktop/coffeeGame/build/CMakeFiles/CMakeTmp/CheckSymbolExists.c
/Users/nolen/Desktop/coffeeGame/build/CMakeFiles/CMakeTmp/CheckSymbolExists.c:14:19: error: use of undeclared identifier '_strupr'
  return ((int*)(&_strupr))[argc];
                  ^
1 error generated.
make[1]: *** [CMakeFiles/cmTC_c5bcd.dir/CheckSymbolExists.c.o] Error 1
make: *** [cmTC_c5bcd/fast] Error 2


File /Users/nolen/Desktop/coffeeGame/build/CMakeFiles/CMakeTmp/CheckSymbolExists.c:
/* */
#include <stddef.h>
#include <stdarg.h>
#include <stdlib.h>
#include <string.h>
#include <stdio.h>
#include <wchar.h>
#include <float.h>

int main(int argc, char** argv)
{
  (void)argv;
#ifndef _strupr
  return ((int*)(&_strupr))[argc];
#else
  (void)argc;
  return 0;
#endif
}
Determining if the _strlwr exist failed with the following output:
Change Dir: /Users/nolen/Desktop/coffeeGame/build/CMakeFiles/CMakeTmp

Run Build Command(s):/usr/bin/make -f Makefile cmTC_e5d61/fast && /Applications/Xcode.app/Contents/Developer/usr/bin/make  -f CMakeFiles/cmTC_e5d61.dir/build.make CMakeFiles/cmTC_e5d61.dir/build
Building C object CMakeFiles/cmTC_e5d61.dir/CheckSymbolExists.c.o
/Applications/Xcode.app/Contents/Developer/Toolchains/XcodeDefault.xctoolchain/usr/bin/cc   -idirafter "/Users/nolen/Desktop/coffeeGame/engine/external/SDL2/src/video/khronos"  -isysroot /Applications/Xcode.app/Contents/Developer/Platforms/MacOSX.platform/Developer/SDKs/MacOSX12.3.sdk -MD -MT CMakeFiles/cmTC_e5d61.dir/CheckSymbolExists.c.o -MF CMakeFiles/cmTC_e5d61.dir/CheckSymbolExists.c.o.d -o CMakeFiles/cmTC_e5d61.dir/CheckSymbolExists.c.o -c /Users/nolen/Desktop/coffeeGame/build/CMakeFiles/CMakeTmp/CheckSymbolExists.c
/Users/nolen/Desktop/coffeeGame/build/CMakeFiles/CMakeTmp/CheckSymbolExists.c:14:19: error: use of undeclared identifier '_strlwr'
  return ((int*)(&_strlwr))[argc];
                  ^
1 error generated.
make[1]: *** [CMakeFiles/cmTC_e5d61.dir/CheckSymbolExists.c.o] Error 1
make: *** [cmTC_e5d61/fast] Error 2


File /Users/nolen/Desktop/coffeeGame/build/CMakeFiles/CMakeTmp/CheckSymbolExists.c:
/* */
#include <stddef.h>
#include <stdarg.h>
#include <stdlib.h>
#include <string.h>
#include <stdio.h>
#include <wchar.h>
#include <float.h>

int main(int argc, char** argv)
{
  (void)argv;
#ifndef _strlwr
  return ((int*)(&_strlwr))[argc];
#else
  (void)argc;
  return 0;
#endif
}
Determining if the itoa exist failed with the following output:
Change Dir: /Users/nolen/Desktop/coffeeGame/build/CMakeFiles/CMakeTmp

Run Build Command(s):/usr/bin/make -f Makefile cmTC_72a6e/fast && /Applications/Xcode.app/Contents/Developer/usr/bin/make  -f CMakeFiles/cmTC_72a6e.dir/build.make CMakeFiles/cmTC_72a6e.dir/build
Building C object CMakeFiles/cmTC_72a6e.dir/CheckSymbolExists.c.o
/Applications/Xcode.app/Contents/Developer/Toolchains/XcodeDefault.xctoolchain/usr/bin/cc   -idirafter "/Users/nolen/Desktop/coffeeGame/engine/external/SDL2/src/video/khronos"  -isysroot /Applications/Xcode.app/Contents/Developer/Platforms/MacOSX.platform/Developer/SDKs/MacOSX12.3.sdk -MD -MT CMakeFiles/cmTC_72a6e.dir/CheckSymbolExists.c.o -MF CMakeFiles/cmTC_72a6e.dir/CheckSymbolExists.c.o.d -o CMakeFiles/cmTC_72a6e.dir/CheckSymbolExists.c.o -c /Users/nolen/Desktop/coffeeGame/build/CMakeFiles/CMakeTmp/CheckSymbolExists.c
/Users/nolen/Desktop/coffeeGame/build/CMakeFiles/CMakeTmp/CheckSymbolExists.c:14:19: error: use of undeclared identifier 'itoa'
  return ((int*)(&itoa))[argc];
                  ^
1 error generated.
make[1]: *** [CMakeFiles/cmTC_72a6e.dir/CheckSymbolExists.c.o] Error 1
make: *** [cmTC_72a6e/fast] Error 2


File /Users/nolen/Desktop/coffeeGame/build/CMakeFiles/CMakeTmp/CheckSymbolExists.c:
/* */
#include <stddef.h>
#include <stdarg.h>
#include <stdlib.h>
#include <string.h>
#include <stdio.h>
#include <wchar.h>
#include <float.h>

int main(int argc, char** argv)
{
  (void)argv;
#ifndef itoa
  return ((int*)(&itoa))[argc];
#else
  (void)argc;
  return 0;
#endif
}
Determining if the _ltoa exist failed with the following output:
Change Dir: /Users/nolen/Desktop/coffeeGame/build/CMakeFiles/CMakeTmp

Run Build Command(s):/usr/bin/make -f Makefile cmTC_1f476/fast && /Applications/Xcode.app/Contents/Developer/usr/bin/make  -f CMakeFiles/cmTC_1f476.dir/build.make CMakeFiles/cmTC_1f476.dir/build
Building C object CMakeFiles/cmTC_1f476.dir/CheckSymbolExists.c.o
/Applications/Xcode.app/Contents/Developer/Toolchains/XcodeDefault.xctoolchain/usr/bin/cc   -idirafter "/Users/nolen/Desktop/coffeeGame/engine/external/SDL2/src/video/khronos"  -isysroot /Applications/Xcode.app/Contents/Developer/Platforms/MacOSX.platform/Developer/SDKs/MacOSX12.3.sdk -MD -MT CMakeFiles/cmTC_1f476.dir/CheckSymbolExists.c.o -MF CMakeFiles/cmTC_1f476.dir/CheckSymbolExists.c.o.d -o CMakeFiles/cmTC_1f476.dir/CheckSymbolExists.c.o -c /Users/nolen/Desktop/coffeeGame/build/CMakeFiles/CMakeTmp/CheckSymbolExists.c
/Users/nolen/Desktop/coffeeGame/build/CMakeFiles/CMakeTmp/CheckSymbolExists.c:14:19: error: use of undeclared identifier '_ltoa'
  return ((int*)(&_ltoa))[argc];
                  ^
1 error generated.
make[1]: *** [CMakeFiles/cmTC_1f476.dir/CheckSymbolExists.c.o] Error 1
make: *** [cmTC_1f476/fast] Error 2


File /Users/nolen/Desktop/coffeeGame/build/CMakeFiles/CMakeTmp/CheckSymbolExists.c:
/* */
#include <stddef.h>
#include <stdarg.h>
#include <stdlib.h>
#include <string.h>
#include <stdio.h>
#include <wchar.h>
#include <float.h>

int main(int argc, char** argv)
{
  (void)argv;
#ifndef _ltoa
  return ((int*)(&_ltoa))[argc];
#else
  (void)argc;
  return 0;
#endif
}
Determining if the _uitoa exist failed with the following output:
Change Dir: /Users/nolen/Desktop/coffeeGame/build/CMakeFiles/CMakeTmp

Run Build Command(s):/usr/bin/make -f Makefile cmTC_94e53/fast && /Applications/Xcode.app/Contents/Developer/usr/bin/make  -f CMakeFiles/cmTC_94e53.dir/build.make CMakeFiles/cmTC_94e53.dir/build
Building C object CMakeFiles/cmTC_94e53.dir/CheckSymbolExists.c.o
/Applications/Xcode.app/Contents/Developer/Toolchains/XcodeDefault.xctoolchain/usr/bin/cc   -idirafter "/Users/nolen/Desktop/coffeeGame/engine/external/SDL2/src/video/khronos"  -isysroot /Applications/Xcode.app/Contents/Developer/Platforms/MacOSX.platform/Developer/SDKs/MacOSX12.3.sdk -MD -MT CMakeFiles/cmTC_94e53.dir/CheckSymbolExists.c.o -MF CMakeFiles/cmTC_94e53.dir/CheckSymbolExists.c.o.d -o CMakeFiles/cmTC_94e53.dir/CheckSymbolExists.c.o -c /Users/nolen/Desktop/coffeeGame/build/CMakeFiles/CMakeTmp/CheckSymbolExists.c
/Users/nolen/Desktop/coffeeGame/build/CMakeFiles/CMakeTmp/CheckSymbolExists.c:14:19: error: use of undeclared identifier '_uitoa'
  return ((int*)(&_uitoa))[argc];
                  ^
1 error generated.
make[1]: *** [CMakeFiles/cmTC_94e53.dir/CheckSymbolExists.c.o] Error 1
make: *** [cmTC_94e53/fast] Error 2


File /Users/nolen/Desktop/coffeeGame/build/CMakeFiles/CMakeTmp/CheckSymbolExists.c:
/* */
#include <stddef.h>
#include <stdarg.h>
#include <stdlib.h>
#include <string.h>
#include <stdio.h>
#include <wchar.h>
#include <float.h>

int main(int argc, char** argv)
{
  (void)argv;
#ifndef _uitoa
  return ((int*)(&_uitoa))[argc];
#else
  (void)argc;
  return 0;
#endif
}
Determining if the _ultoa exist failed with the following output:
Change Dir: /Users/nolen/Desktop/coffeeGame/build/CMakeFiles/CMakeTmp

Run Build Command(s):/usr/bin/make -f Makefile cmTC_96f57/fast && /Applications/Xcode.app/Contents/Developer/usr/bin/make  -f CMakeFiles/cmTC_96f57.dir/build.make CMakeFiles/cmTC_96f57.dir/build
Building C object CMakeFiles/cmTC_96f57.dir/CheckSymbolExists.c.o
/Applications/Xcode.app/Contents/Developer/Toolchains/XcodeDefault.xctoolchain/usr/bin/cc   -idirafter "/Users/nolen/Desktop/coffeeGame/engine/external/SDL2/src/video/khronos"  -isysroot /Applications/Xcode.app/Contents/Developer/Platforms/MacOSX.platform/Developer/SDKs/MacOSX12.3.sdk -MD -MT CMakeFiles/cmTC_96f57.dir/CheckSymbolExists.c.o -MF CMakeFiles/cmTC_96f57.dir/CheckSymbolExists.c.o.d -o CMakeFiles/cmTC_96f57.dir/CheckSymbolExists.c.o -c /Users/nolen/Desktop/coffeeGame/build/CMakeFiles/CMakeTmp/CheckSymbolExists.c
/Users/nolen/Desktop/coffeeGame/build/CMakeFiles/CMakeTmp/CheckSymbolExists.c:14:19: error: use of undeclared identifier '_ultoa'
  return ((int*)(&_ultoa))[argc];
                  ^
1 error generated.
make[1]: *** [CMakeFiles/cmTC_96f57.dir/CheckSymbolExists.c.o] Error 1
make: *** [cmTC_96f57/fast] Error 2


File /Users/nolen/Desktop/coffeeGame/build/CMakeFiles/CMakeTmp/CheckSymbolExists.c:
/* */
#include <stddef.h>
#include <stdarg.h>
#include <stdlib.h>
#include <string.h>
#include <stdio.h>
#include <wchar.h>
#include <float.h>

int main(int argc, char** argv)
{
  (void)argv;
#ifndef _ultoa
  return ((int*)(&_ultoa))[argc];
#else
  (void)argc;
  return 0;
#endif
}
Determining if the _i64toa exist failed with the following output:
Change Dir: /Users/nolen/Desktop/coffeeGame/build/CMakeFiles/CMakeTmp

Run Build Command(s):/usr/bin/make -f Makefile cmTC_3781c/fast && /Applications/Xcode.app/Contents/Developer/usr/bin/make  -f CMakeFiles/cmTC_3781c.dir/build.make CMakeFiles/cmTC_3781c.dir/build
Building C object CMakeFiles/cmTC_3781c.dir/CheckSymbolExists.c.o
/Applications/Xcode.app/Contents/Developer/Toolchains/XcodeDefault.xctoolchain/usr/bin/cc   -idirafter "/Users/nolen/Desktop/coffeeGame/engine/external/SDL2/src/video/khronos"  -isysroot /Applications/Xcode.app/Contents/Developer/Platforms/MacOSX.platform/Developer/SDKs/MacOSX12.3.sdk -MD -MT CMakeFiles/cmTC_3781c.dir/CheckSymbolExists.c.o -MF CMakeFiles/cmTC_3781c.dir/CheckSymbolExists.c.o.d -o CMakeFiles/cmTC_3781c.dir/CheckSymbolExists.c.o -c /Users/nolen/Desktop/coffeeGame/build/CMakeFiles/CMakeTmp/CheckSymbolExists.c
/Users/nolen/Desktop/coffeeGame/build/CMakeFiles/CMakeTmp/CheckSymbolExists.c:14:19: error: use of undeclared identifier '_i64toa'
  return ((int*)(&_i64toa))[argc];
                  ^
1 error generated.
make[1]: *** [CMakeFiles/cmTC_3781c.dir/CheckSymbolExists.c.o] Error 1
make: *** [cmTC_3781c/fast] Error 2


File /Users/nolen/Desktop/coffeeGame/build/CMakeFiles/CMakeTmp/CheckSymbolExists.c:
/* */
#include <stddef.h>
#include <stdarg.h>
#include <stdlib.h>
#include <string.h>
#include <stdio.h>
#include <wchar.h>
#include <float.h>

int main(int argc, char** argv)
{
  (void)argv;
#ifndef _i64toa
  return ((int*)(&_i64toa))[argc];
#else
  (void)argc;
  return 0;
#endif
}
Determining if the _ui64toa exist failed with the following output:
Change Dir: /Users/nolen/Desktop/coffeeGame/build/CMakeFiles/CMakeTmp

Run Build Command(s):/usr/bin/make -f Makefile cmTC_48bec/fast && /Applications/Xcode.app/Contents/Developer/usr/bin/make  -f CMakeFiles/cmTC_48bec.dir/build.make CMakeFiles/cmTC_48bec.dir/build
Building C object CMakeFiles/cmTC_48bec.dir/CheckSymbolExists.c.o
/Applications/Xcode.app/Contents/Developer/Toolchains/XcodeDefault.xctoolchain/usr/bin/cc   -idirafter "/Users/nolen/Desktop/coffeeGame/engine/external/SDL2/src/video/khronos"  -isysroot /Applications/Xcode.app/Contents/Developer/Platforms/MacOSX.platform/Developer/SDKs/MacOSX12.3.sdk -MD -MT CMakeFiles/cmTC_48bec.dir/CheckSymbolExists.c.o -MF CMakeFiles/cmTC_48bec.dir/CheckSymbolExists.c.o.d -o CMakeFiles/cmTC_48bec.dir/CheckSymbolExists.c.o -c /Users/nolen/Desktop/coffeeGame/build/CMakeFiles/CMakeTmp/CheckSymbolExists.c
/Users/nolen/Desktop/coffeeGame/build/CMakeFiles/CMakeTmp/CheckSymbolExists.c:14:19: error: use of undeclared identifier '_ui64toa'
  return ((int*)(&_ui64toa))[argc];
                  ^
1 error generated.
make[1]: *** [CMakeFiles/cmTC_48bec.dir/CheckSymbolExists.c.o] Error 1
make: *** [cmTC_48bec/fast] Error 2


File /Users/nolen/Desktop/coffeeGame/build/CMakeFiles/CMakeTmp/CheckSymbolExists.c:
/* */
#include <stddef.h>
#include <stdarg.h>
#include <stdlib.h>
#include <string.h>
#include <stdio.h>
#include <wchar.h>
#include <float.h>

int main(int argc, char** argv)
{
  (void)argv;
#ifndef _ui64toa
  return ((int*)(&_ui64toa))[argc];
#else
  (void)argc;
  return 0;
#endif
}
Determining if the _stricmp exist failed with the following output:
Change Dir: /Users/nolen/Desktop/coffeeGame/build/CMakeFiles/CMakeTmp

Run Build Command(s):/usr/bin/make -f Makefile cmTC_ea776/fast && /Applications/Xcode.app/Contents/Developer/usr/bin/make  -f CMakeFiles/cmTC_ea776.dir/build.make CMakeFiles/cmTC_ea776.dir/build
Building C object CMakeFiles/cmTC_ea776.dir/CheckSymbolExists.c.o
/Applications/Xcode.app/Contents/Developer/Toolchains/XcodeDefault.xctoolchain/usr/bin/cc   -idirafter "/Users/nolen/Desktop/coffeeGame/engine/external/SDL2/src/video/khronos"  -isysroot /Applications/Xcode.app/Contents/Developer/Platforms/MacOSX.platform/Developer/SDKs/MacOSX12.3.sdk -MD -MT CMakeFiles/cmTC_ea776.dir/CheckSymbolExists.c.o -MF CMakeFiles/cmTC_ea776.dir/CheckSymbolExists.c.o.d -o CMakeFiles/cmTC_ea776.dir/CheckSymbolExists.c.o -c /Users/nolen/Desktop/coffeeGame/build/CMakeFiles/CMakeTmp/CheckSymbolExists.c
/Users/nolen/Desktop/coffeeGame/build/CMakeFiles/CMakeTmp/CheckSymbolExists.c:14:19: error: use of undeclared identifier '_stricmp'
  return ((int*)(&_stricmp))[argc];
                  ^
1 error generated.
make[1]: *** [CMakeFiles/cmTC_ea776.dir/CheckSymbolExists.c.o] Error 1
make: *** [cmTC_ea776/fast] Error 2


File /Users/nolen/Desktop/coffeeGame/build/CMakeFiles/CMakeTmp/CheckSymbolExists.c:
/* */
#include <stddef.h>
#include <stdarg.h>
#include <stdlib.h>
#include <string.h>
#include <stdio.h>
#include <wchar.h>
#include <float.h>

int main(int argc, char** argv)
{
  (void)argv;
#ifndef _stricmp
  return ((int*)(&_stricmp))[argc];
#else
  (void)argc;
  return 0;
#endif
}
Determining if the _strnicmp exist failed with the following output:
Change Dir: /Users/nolen/Desktop/coffeeGame/build/CMakeFiles/CMakeTmp

Run Build Command(s):/usr/bin/make -f Makefile cmTC_11075/fast && /Applications/Xcode.app/Contents/Developer/usr/bin/make  -f CMakeFiles/cmTC_11075.dir/build.make CMakeFiles/cmTC_11075.dir/build
Building C object CMakeFiles/cmTC_11075.dir/CheckSymbolExists.c.o
/Applications/Xcode.app/Contents/Developer/Toolchains/XcodeDefault.xctoolchain/usr/bin/cc   -idirafter "/Users/nolen/Desktop/coffeeGame/engine/external/SDL2/src/video/khronos"  -isysroot /Applications/Xcode.app/Contents/Developer/Platforms/MacOSX.platform/Developer/SDKs/MacOSX12.3.sdk -MD -MT CMakeFiles/cmTC_11075.dir/CheckSymbolExists.c.o -MF CMakeFiles/cmTC_11075.dir/CheckSymbolExists.c.o.d -o CMakeFiles/cmTC_11075.dir/CheckSymbolExists.c.o -c /Users/nolen/Desktop/coffeeGame/build/CMakeFiles/CMakeTmp/CheckSymbolExists.c
/Users/nolen/Desktop/coffeeGame/build/CMakeFiles/CMakeTmp/CheckSymbolExists.c:14:19: error: use of undeclared identifier '_strnicmp'; did you mean 'strncmp'?
  return ((int*)(&_strnicmp))[argc];
                  ^~~~~~~~~
                  strncmp
/Applications/Xcode.app/Contents/Developer/Platforms/MacOSX.platform/Developer/SDKs/MacOSX12.3.sdk/usr/include/string.h:84:6: note: 'strncmp' declared here
int      strncmp(const char *__s1, const char *__s2, size_t __n);
         ^
1 error generated.
make[1]: *** [CMakeFiles/cmTC_11075.dir/CheckSymbolExists.c.o] Error 1
make: *** [cmTC_11075/fast] Error 2


File /Users/nolen/Desktop/coffeeGame/build/CMakeFiles/CMakeTmp/CheckSymbolExists.c:
/* */
#include <stddef.h>
#include <stdarg.h>
#include <stdlib.h>
#include <string.h>
#include <stdio.h>
#include <wchar.h>
#include <float.h>

int main(int argc, char** argv)
{
  (void)argv;
#ifndef _strnicmp
  return ((int*)(&_strnicmp))[argc];
#else
  (void)argc;
  return 0;
#endif
}
Determining if the _wcsdup exist failed with the following output:
Change Dir: /Users/nolen/Desktop/coffeeGame/build/CMakeFiles/CMakeTmp

Run Build Command(s):/usr/bin/make -f Makefile cmTC_16ce7/fast && /Applications/Xcode.app/Contents/Developer/usr/bin/make  -f CMakeFiles/cmTC_16ce7.dir/build.make CMakeFiles/cmTC_16ce7.dir/build
Building C object CMakeFiles/cmTC_16ce7.dir/CheckSymbolExists.c.o
/Applications/Xcode.app/Contents/Developer/Toolchains/XcodeDefault.xctoolchain/usr/bin/cc   -idirafter "/Users/nolen/Desktop/coffeeGame/engine/external/SDL2/src/video/khronos"  -isysroot /Applications/Xcode.app/Contents/Developer/Platforms/MacOSX.platform/Developer/SDKs/MacOSX12.3.sdk -MD -MT CMakeFiles/cmTC_16ce7.dir/CheckSymbolExists.c.o -MF CMakeFiles/cmTC_16ce7.dir/CheckSymbolExists.c.o.d -o CMakeFiles/cmTC_16ce7.dir/CheckSymbolExists.c.o -c /Users/nolen/Desktop/coffeeGame/build/CMakeFiles/CMakeTmp/CheckSymbolExists.c
/Users/nolen/Desktop/coffeeGame/build/CMakeFiles/CMakeTmp/CheckSymbolExists.c:14:19: error: use of undeclared identifier '_wcsdup'; did you mean 'wcsdup'?
  return ((int*)(&_wcsdup))[argc];
                  ^~~~~~~
                  wcsdup
/Applications/Xcode.app/Contents/Developer/Platforms/MacOSX.platform/Developer/SDKs/MacOSX12.3.sdk/usr/include/wchar.h:199:10: note: 'wcsdup' declared here
wchar_t *wcsdup(const wchar_t *) __OSX_AVAILABLE_STARTING(__MAC_10_7, __IPHONE_4_3);
         ^
1 error generated.
make[1]: *** [CMakeFiles/cmTC_16ce7.dir/CheckSymbolExists.c.o] Error 1
make: *** [cmTC_16ce7/fast] Error 2


File /Users/nolen/Desktop/coffeeGame/build/CMakeFiles/CMakeTmp/CheckSymbolExists.c:
/* */
#include <stddef.h>
#include <stdarg.h>
#include <stdlib.h>
#include <string.h>
#include <stdio.h>
#include <wchar.h>
#include <float.h>

int main(int argc, char** argv)
{
  (void)argv;
#ifndef _wcsdup
  return ((int*)(&_wcsdup))[argc];
#else
  (void)argc;
  return 0;
#endif
}
Determining if the _wcsicmp exist failed with the following output:
Change Dir: /Users/nolen/Desktop/coffeeGame/build/CMakeFiles/CMakeTmp

Run Build Command(s):/usr/bin/make -f Makefile cmTC_99585/fast && /Applications/Xcode.app/Contents/Developer/usr/bin/make  -f CMakeFiles/cmTC_99585.dir/build.make CMakeFiles/cmTC_99585.dir/build
Building C object CMakeFiles/cmTC_99585.dir/CheckSymbolExists.c.o
/Applications/Xcode.app/Contents/Developer/Toolchains/XcodeDefault.xctoolchain/usr/bin/cc   -idirafter "/Users/nolen/Desktop/coffeeGame/engine/external/SDL2/src/video/khronos"  -isysroot /Applications/Xcode.app/Contents/Developer/Platforms/MacOSX.platform/Developer/SDKs/MacOSX12.3.sdk -MD -MT CMakeFiles/cmTC_99585.dir/CheckSymbolExists.c.o -MF CMakeFiles/cmTC_99585.dir/CheckSymbolExists.c.o.d -o CMakeFiles/cmTC_99585.dir/CheckSymbolExists.c.o -c /Users/nolen/Desktop/coffeeGame/build/CMakeFiles/CMakeTmp/CheckSymbolExists.c
/Users/nolen/Desktop/coffeeGame/build/CMakeFiles/CMakeTmp/CheckSymbolExists.c:14:19: error: use of undeclared identifier '_wcsicmp'
  return ((int*)(&_wcsicmp))[argc];
                  ^
1 error generated.
make[1]: *** [CMakeFiles/cmTC_99585.dir/CheckSymbolExists.c.o] Error 1
make: *** [cmTC_99585/fast] Error 2


File /Users/nolen/Desktop/coffeeGame/build/CMakeFiles/CMakeTmp/CheckSymbolExists.c:
/* */
#include <stddef.h>
#include <stdarg.h>
#include <stdlib.h>
#include <string.h>
#include <stdio.h>
#include <wchar.h>
#include <float.h>

int main(int argc, char** argv)
{
  (void)argv;
#ifndef _wcsicmp
  return ((int*)(&_wcsicmp))[argc];
#else
  (void)argc;
  return 0;
#endif
}
Determining if the _wcsnicmp exist failed with the following output:
Change Dir: /Users/nolen/Desktop/coffeeGame/build/CMakeFiles/CMakeTmp

Run Build Command(s):/usr/bin/make -f Makefile cmTC_9d177/fast && /Applications/Xcode.app/Contents/Developer/usr/bin/make  -f CMakeFiles/cmTC_9d177.dir/build.make CMakeFiles/cmTC_9d177.dir/build
Building C object CMakeFiles/cmTC_9d177.dir/CheckSymbolExists.c.o
/Applications/Xcode.app/Contents/Developer/Toolchains/XcodeDefault.xctoolchain/usr/bin/cc   -idirafter "/Users/nolen/Desktop/coffeeGame/engine/external/SDL2/src/video/khronos"  -isysroot /Applications/Xcode.app/Contents/Developer/Platforms/MacOSX.platform/Developer/SDKs/MacOSX12.3.sdk -MD -MT CMakeFiles/cmTC_9d177.dir/CheckSymbolExists.c.o -MF CMakeFiles/cmTC_9d177.dir/CheckSymbolExists.c.o.d -o CMakeFiles/cmTC_9d177.dir/CheckSymbolExists.c.o -c /Users/nolen/Desktop/coffeeGame/build/CMakeFiles/CMakeTmp/CheckSymbolExists.c
/Users/nolen/Desktop/coffeeGame/build/CMakeFiles/CMakeTmp/CheckSymbolExists.c:14:19: error: use of undeclared identifier '_wcsnicmp'; did you mean 'wcsncmp'?
  return ((int*)(&_wcsnicmp))[argc];
                  ^~~~~~~~~
                  wcsncmp
/Applications/Xcode.app/Contents/Developer/Platforms/MacOSX.platform/Developer/SDKs/MacOSX12.3.sdk/usr/include/wchar.h:134:5: note: 'wcsncmp' declared here
int     wcsncmp(const wchar_t *, const wchar_t *, size_t);
        ^
1 error generated.
make[1]: *** [CMakeFiles/cmTC_9d177.dir/CheckSymbolExists.c.o] Error 1
make: *** [cmTC_9d177/fast] Error 2


File /Users/nolen/Desktop/coffeeGame/build/CMakeFiles/CMakeTmp/CheckSymbolExists.c:
/* */
#include <stddef.h>
#include <stdarg.h>
#include <stdlib.h>
#include <string.h>
#include <stdio.h>
#include <wchar.h>
#include <float.h>

int main(int argc, char** argv)
{
  (void)argv;
#ifndef _wcsnicmp
  return ((int*)(&_wcsnicmp))[argc];
#else
  (void)argc;
  return 0;
#endif
}
Determining if the fopen64 exist failed with the following output:
Change Dir: /Users/nolen/Desktop/coffeeGame/build/CMakeFiles/CMakeTmp

Run Build Command(s):/usr/bin/make -f Makefile cmTC_a0d62/fast && /Applications/Xcode.app/Contents/Developer/usr/bin/make  -f CMakeFiles/cmTC_a0d62.dir/build.make CMakeFiles/cmTC_a0d62.dir/build
Building C object CMakeFiles/cmTC_a0d62.dir/CheckSymbolExists.c.o
/Applications/Xcode.app/Contents/Developer/Toolchains/XcodeDefault.xctoolchain/usr/bin/cc   -idirafter "/Users/nolen/Desktop/coffeeGame/engine/external/SDL2/src/video/khronos"  -isysroot /Applications/Xcode.app/Contents/Developer/Platforms/MacOSX.platform/Developer/SDKs/MacOSX12.3.sdk -MD -MT CMakeFiles/cmTC_a0d62.dir/CheckSymbolExists.c.o -MF CMakeFiles/cmTC_a0d62.dir/CheckSymbolExists.c.o.d -o CMakeFiles/cmTC_a0d62.dir/CheckSymbolExists.c.o -c /Users/nolen/Desktop/coffeeGame/build/CMakeFiles/CMakeTmp/CheckSymbolExists.c
/Users/nolen/Desktop/coffeeGame/build/CMakeFiles/CMakeTmp/CheckSymbolExists.c:14:19: error: use of undeclared identifier 'fopen64'; did you mean 'fopen'?
  return ((int*)(&fopen64))[argc];
                  ^~~~~~~
                  fopen
/Applications/Xcode.app/Contents/Developer/Platforms/MacOSX.platform/Developer/SDKs/MacOSX12.3.sdk/usr/include/stdio.h:153:7: note: 'fopen' declared here
FILE    *fopen(const char * __restrict __filename, const char * __restrict __mode) __DARWIN_ALIAS_STARTING(__MAC_10_6, __IPHONE_2_0, __DARWIN_ALIAS(fopen));
         ^
1 error generated.
make[1]: *** [CMakeFiles/cmTC_a0d62.dir/CheckSymbolExists.c.o] Error 1
make: *** [cmTC_a0d62/fast] Error 2


File /Users/nolen/Desktop/coffeeGame/build/CMakeFiles/CMakeTmp/CheckSymbolExists.c:
/* */
#include <stddef.h>
#include <stdarg.h>
#include <stdlib.h>
#include <string.h>
#include <stdio.h>
#include <wchar.h>
#include <float.h>

int main(int argc, char** argv)
{
  (void)argv;
#ifndef fopen64
  return ((int*)(&fopen64))[argc];
#else
  (void)argc;
  return 0;
#endif
}
Determining if the fseeko64 exist failed with the following output:
Change Dir: /Users/nolen/Desktop/coffeeGame/build/CMakeFiles/CMakeTmp

Run Build Command(s):/usr/bin/make -f Makefile cmTC_e94e3/fast && /Applications/Xcode.app/Contents/Developer/usr/bin/make  -f CMakeFiles/cmTC_e94e3.dir/build.make CMakeFiles/cmTC_e94e3.dir/build
Building C object CMakeFiles/cmTC_e94e3.dir/CheckSymbolExists.c.o
/Applications/Xcode.app/Contents/Developer/Toolchains/XcodeDefault.xctoolchain/usr/bin/cc   -idirafter "/Users/nolen/Desktop/coffeeGame/engine/external/SDL2/src/video/khronos"  -isysroot /Applications/Xcode.app/Contents/Developer/Platforms/MacOSX.platform/Developer/SDKs/MacOSX12.3.sdk -MD -MT CMakeFiles/cmTC_e94e3.dir/CheckSymbolExists.c.o -MF CMakeFiles/cmTC_e94e3.dir/CheckSymbolExists.c.o.d -o CMakeFiles/cmTC_e94e3.dir/CheckSymbolExists.c.o -c /Users/nolen/Desktop/coffeeGame/build/CMakeFiles/CMakeTmp/CheckSymbolExists.c
/Users/nolen/Desktop/coffeeGame/build/CMakeFiles/CMakeTmp/CheckSymbolExists.c:14:19: error: use of undeclared identifier 'fseeko64'; did you mean 'fseeko'?
  return ((int*)(&fseeko64))[argc];
                  ^~~~~~~~
                  fseeko
/Applications/Xcode.app/Contents/Developer/Platforms/MacOSX.platform/Developer/SDKs/MacOSX12.3.sdk/usr/include/stdio.h:320:6: note: 'fseeko' declared here
int      fseeko(FILE * __stream, off_t __offset, int __whence);
         ^
1 error generated.
make[1]: *** [CMakeFiles/cmTC_e94e3.dir/CheckSymbolExists.c.o] Error 1
make: *** [cmTC_e94e3/fast] Error 2


File /Users/nolen/Desktop/coffeeGame/build/CMakeFiles/CMakeTmp/CheckSymbolExists.c:
/* */
#include <stddef.h>
#include <stdarg.h>
#include <stdlib.h>
#include <string.h>
#include <stdio.h>
#include <wchar.h>
#include <float.h>

int main(int argc, char** argv)
{
  (void)argv;
#ifndef fseeko64
  return ((int*)(&fseeko64))[argc];
#else
  (void)argc;
  return 0;
#endif
}
Determining if the getauxval exist failed with the following output:
Change Dir: /Users/nolen/Desktop/coffeeGame/build/CMakeFiles/CMakeTmp

Run Build Command(s):/usr/bin/make -f Makefile cmTC_25bf6/fast && /Applications/Xcode.app/Contents/Developer/usr/bin/make  -f CMakeFiles/cmTC_25bf6.dir/build.make CMakeFiles/cmTC_25bf6.dir/build
Building C object CMakeFiles/cmTC_25bf6.dir/CheckSymbolExists.c.o
/Applications/Xcode.app/Contents/Developer/Toolchains/XcodeDefault.xctoolchain/usr/bin/cc   -idirafter "/Users/nolen/Desktop/coffeeGame/engine/external/SDL2/src/video/khronos"  -isysroot /Applications/Xcode.app/Contents/Developer/Platforms/MacOSX.platform/Developer/SDKs/MacOSX12.3.sdk -MD -MT CMakeFiles/cmTC_25bf6.dir/CheckSymbolExists.c.o -MF CMakeFiles/cmTC_25bf6.dir/CheckSymbolExists.c.o.d -o CMakeFiles/cmTC_25bf6.dir/CheckSymbolExists.c.o -c /Users/nolen/Desktop/coffeeGame/build/CMakeFiles/CMakeTmp/CheckSymbolExists.c
/Users/nolen/Desktop/coffeeGame/build/CMakeFiles/CMakeTmp/CheckSymbolExists.c:2:10: fatal error: 'sys/auxv.h' file not found
#include <sys/auxv.h>
         ^~~~~~~~~~~~
1 error generated.
make[1]: *** [CMakeFiles/cmTC_25bf6.dir/CheckSymbolExists.c.o] Error 1
make: *** [cmTC_25bf6/fast] Error 2


File /Users/nolen/Desktop/coffeeGame/build/CMakeFiles/CMakeTmp/CheckSymbolExists.c:
/* */
#include <sys/auxv.h>

int main(int argc, char** argv)
{
  (void)argv;
#ifndef getauxval
  return ((int*)(&getauxval))[argc];
#else
  (void)argc;
  return 0;
#endif
}
Determining if the elf_aux_info exist failed with the following output:
Change Dir: /Users/nolen/Desktop/coffeeGame/build/CMakeFiles/CMakeTmp

Run Build Command(s):/usr/bin/make -f Makefile cmTC_8f20d/fast && /Applications/Xcode.app/Contents/Developer/usr/bin/make  -f CMakeFiles/cmTC_8f20d.dir/build.make CMakeFiles/cmTC_8f20d.dir/build
Building C object CMakeFiles/cmTC_8f20d.dir/CheckSymbolExists.c.o
/Applications/Xcode.app/Contents/Developer/Toolchains/XcodeDefault.xctoolchain/usr/bin/cc   -idirafter "/Users/nolen/Desktop/coffeeGame/engine/external/SDL2/src/video/khronos"  -isysroot /Applications/Xcode.app/Contents/Developer/Platforms/MacOSX.platform/Developer/SDKs/MacOSX12.3.sdk -MD -MT CMakeFiles/cmTC_8f20d.dir/CheckSymbolExists.c.o -MF CMakeFiles/cmTC_8f20d.dir/CheckSymbolExists.c.o.d -o CMakeFiles/cmTC_8f20d.dir/CheckSymbolExists.c.o -c /Users/nolen/Desktop/coffeeGame/build/CMakeFiles/CMakeTmp/CheckSymbolExists.c
/Users/nolen/Desktop/coffeeGame/build/CMakeFiles/CMakeTmp/CheckSymbolExists.c:2:10: fatal error: 'sys/auxv.h' file not found
#include <sys/auxv.h>
         ^~~~~~~~~~~~
1 error generated.
make[1]: *** [CMakeFiles/cmTC_8f20d.dir/CheckSymbolExists.c.o] Error 1
make: *** [cmTC_8f20d/fast] Error 2


File /Users/nolen/Desktop/coffeeGame/build/CMakeFiles/CMakeTmp/CheckSymbolExists.c:
/* */
#include <sys/auxv.h>

int main(int argc, char** argv)
{
  (void)argv;
#ifndef elf_aux_info
  return ((int*)(&elf_aux_info))[argc];
#else
  (void)argc;
  return 0;
#endif
}
Performing C SOURCE FILE Test HAVE_SEM_TIMEDWAIT failed with the following output:
Change Dir: /Users/nolen/Desktop/coffeeGame/build/CMakeFiles/CMakeTmp

Run Build Command(s):/usr/bin/make -f Makefile cmTC_7da6b/fast && /Applications/Xcode.app/Contents/Developer/usr/bin/make  -f CMakeFiles/cmTC_7da6b.dir/build.make CMakeFiles/cmTC_7da6b.dir/build
Building C object CMakeFiles/cmTC_7da6b.dir/src.c.o
/Applications/Xcode.app/Contents/Developer/Toolchains/XcodeDefault.xctoolchain/usr/bin/cc -DHAVE_SEM_TIMEDWAIT  -idirafter "/Users/nolen/Desktop/coffeeGame/engine/external/SDL2/src/video/khronos"  -D_THREAD_SAFE -isysroot /Applications/Xcode.app/Contents/Developer/Platforms/MacOSX.platform/Developer/SDKs/MacOSX12.3.sdk -MD -MT CMakeFiles/cmTC_7da6b.dir/src.c.o -MF CMakeFiles/cmTC_7da6b.dir/src.c.o.d -o CMakeFiles/cmTC_7da6b.dir/src.c.o -c /Users/nolen/Desktop/coffeeGame/build/CMakeFiles/CMakeTmp/src.c
/Users/nolen/Desktop/coffeeGame/build/CMakeFiles/CMakeTmp/src.c:5:19: error: implicit declaration of function 'sem_timedwait' is invalid in C99 [-Werror,-Wimplicit-function-declaration]
                  sem_timedwait(NULL, NULL);
                  ^
/Users/nolen/Desktop/coffeeGame/build/CMakeFiles/CMakeTmp/src.c:5:19: note: did you mean 'sem_trywait'?
/Applications/Xcode.app/Contents/Developer/Platforms/MacOSX.platform/Developer/SDKs/MacOSX12.3.sdk/usr/include/sys/semaphore.h:58:5: note: 'sem_trywait' declared here
int sem_trywait(sem_t *);
    ^
1 error generated.
make[1]: *** [CMakeFiles/cmTC_7da6b.dir/src.c.o] Error 1
make: *** [cmTC_7da6b/fast] Error 2


Source file was:

              #include <pthread.h>
              #include <semaphore.h>
              int main(int argc, char **argv) {
                  sem_timedwait(NULL, NULL);
                  return 0;
              }
Determining if files pthread_np.h exist failed with the following output:
Change Dir: /Users/nolen/Desktop/coffeeGame/build/CMakeFiles/CMakeTmp

Run Build Command(s):/usr/bin/make -f Makefile cmTC_649a8/fast && /Applications/Xcode.app/Contents/Developer/usr/bin/make  -f CMakeFiles/cmTC_649a8.dir/build.make CMakeFiles/cmTC_649a8.dir/build
Building C object CMakeFiles/cmTC_649a8.dir/HAVE_PTHREAD_NP_H.c.o
/Applications/Xcode.app/Contents/Developer/Toolchains/XcodeDefault.xctoolchain/usr/bin/cc   -idirafter "/Users/nolen/Desktop/coffeeGame/engine/external/SDL2/src/video/khronos"  -D_THREAD_SAFE -isysroot /Applications/Xcode.app/Contents/Developer/Platforms/MacOSX.platform/Developer/SDKs/MacOSX12.3.sdk -MD -MT CMakeFiles/cmTC_649a8.dir/HAVE_PTHREAD_NP_H.c.o -MF CMakeFiles/cmTC_649a8.dir/HAVE_PTHREAD_NP_H.c.o.d -o CMakeFiles/cmTC_649a8.dir/HAVE_PTHREAD_NP_H.c.o -c /Users/nolen/Desktop/coffeeGame/build/CMakeFiles/CheckIncludeFiles/HAVE_PTHREAD_NP_H.c
/Users/nolen/Desktop/coffeeGame/build/CMakeFiles/CheckIncludeFiles/HAVE_PTHREAD_NP_H.c:2:10: fatal error: 'pthread_np.h' file not found
#include <pthread_np.h>
         ^~~~~~~~~~~~~~
1 error generated.
make[1]: *** [CMakeFiles/cmTC_649a8.dir/HAVE_PTHREAD_NP_H.c.o] Error 1
make: *** [cmTC_649a8/fast] Error 2


Source:
/* */
#include <pthread_np.h>


int main(void){return 0;}

Performing C SOURCE FILE Test HAVE_PTHREAD_SETNAME_NP failed with the following output:
Change Dir: /Users/nolen/Desktop/coffeeGame/build/CMakeFiles/CMakeTmp

Run Build Command(s):/usr/bin/make -f Makefile cmTC_1d11b/fast && /Applications/Xcode.app/Contents/Developer/usr/bin/make  -f CMakeFiles/cmTC_1d11b.dir/build.make CMakeFiles/cmTC_1d11b.dir/build
Building C object CMakeFiles/cmTC_1d11b.dir/src.c.o
/Applications/Xcode.app/Contents/Developer/Toolchains/XcodeDefault.xctoolchain/usr/bin/cc -DHAVE_PTHREAD_SETNAME_NP  -idirafter "/Users/nolen/Desktop/coffeeGame/engine/external/SDL2/src/video/khronos"  -D_THREAD_SAFE -isysroot /Applications/Xcode.app/Contents/Developer/Platforms/MacOSX.platform/Developer/SDKs/MacOSX12.3.sdk -MD -MT CMakeFiles/cmTC_1d11b.dir/src.c.o -MF CMakeFiles/cmTC_1d11b.dir/src.c.o.d -o CMakeFiles/cmTC_1d11b.dir/src.c.o -c /Users/nolen/Desktop/coffeeGame/build/CMakeFiles/CMakeTmp/src.c
/Users/nolen/Desktop/coffeeGame/build/CMakeFiles/CMakeTmp/src.c:5:50: error: too many arguments to function call, expected 1, have 2
              pthread_setname_np(pthread_self(), "");
              ~~~~~~~~~~~~~~~~~~                 ^~
/Applications/Xcode.app/Contents/Developer/Platforms/MacOSX.platform/Developer/SDKs/MacOSX12.3.sdk/usr/include/pthread.h:510:5: note: 'pthread_setname_np' declared here
int     pthread_setname_np(const char*);
        ^
1 error generated.
make[1]: *** [CMakeFiles/cmTC_1d11b.dir/src.c.o] Error 1
make: *** [cmTC_1d11b/fast] Error 2


Source file was:

            #define _GNU_SOURCE 1
            #include <pthread.h>
            int main(int argc, char **argv) {
              pthread_setname_np(pthread_self(), "");
              return 0;
            }
